2021-03-01 00:06:15.863  INFO 10032 --- [restartedMain] tn.Dari.spring.DariApplication           : Starting DariApplication using Java 1.8.0_251 on DESKTOP-1H1GQ80 with PID 10032 (C:\Users\hamza\Documents\workspace-spring-tool-suite-4-4.8.0.RELEASE\Dari\target\classes started by hamza in C:\Users\hamza\Documents\workspace-spring-tool-suite-4-4.8.0.RELEASE\Dari)
2021-03-01 00:06:15.887  INFO 10032 --- [restartedMain] tn.Dari.spring.DariApplication           : No active profile set, falling back to default profiles: default
2021-03-01 00:06:15.951  INFO 10032 --- [restartedMain] .e.DevToolsPropertyDefaultsPostProcessor : Devtools property defaults active! Set 'spring.devtools.add-properties' to 'false' to disable
2021-03-01 00:06:15.952  INFO 10032 --- [restartedMain] .e.DevToolsPropertyDefaultsPostProcessor : For additional web related logging consider setting the 'logging.level.web' property to 'DEBUG'
2021-03-01 00:06:16.807  INFO 10032 --- [restartedMain] .s.d.r.c.RepositoryConfigurationDelegate : Bootstrapping Spring Data JPA repositories in DEFAULT mode.
2021-03-01 00:06:16.824  INFO 10032 --- [restartedMain] .s.d.r.c.RepositoryConfigurationDelegate : Finished Spring Data repository scanning in 6 ms. Found 0 JPA repository interfaces.
2021-03-01 00:06:17.575  INFO 10032 --- [restartedMain] o.s.b.w.embedded.tomcat.TomcatWebServer  : Tomcat initialized with port(s): 8081 (http)
2021-03-01 00:06:17.586  INFO 10032 --- [restartedMain] o.apache.catalina.core.StandardService   : Starting service [Tomcat]
2021-03-01 00:06:17.587  INFO 10032 --- [restartedMain] org.apache.catalina.core.StandardEngine  : Starting Servlet engine: [Apache Tomcat/9.0.43]
2021-03-01 00:06:17.712  INFO 10032 --- [restartedMain] o.a.c.c.C.[.[localhost].[/SpringMVC]     : Initializing Spring embedded WebApplicationContext
2021-03-01 00:06:17.712  INFO 10032 --- [restartedMain] w.s.c.ServletWebServerApplicationContext : Root WebApplicationContext: initialization completed in 1759 ms
2021-03-01 00:06:17.945  INFO 10032 --- [restartedMain] o.hibernate.jpa.internal.util.LogHelper  : HHH000204: Processing PersistenceUnitInfo [name: default]
2021-03-01 00:06:18.010  INFO 10032 --- [restartedMain] org.hibernate.Version                    : HHH000412: Hibernate ORM core version 5.4.28.Final
2021-03-01 00:06:18.259  INFO 10032 --- [restartedMain] o.hibernate.annotations.common.Version   : HCANN000001: Hibernate Commons Annotations {5.1.2.Final}
2021-03-01 00:06:18.386  INFO 10032 --- [restartedMain] com.zaxxer.hikari.HikariDataSource       : HikariPool-1 - Starting...
2021-03-01 00:06:18.624  INFO 10032 --- [restartedMain] com.zaxxer.hikari.HikariDataSource       : HikariPool-1 - Start completed.
2021-03-01 00:06:18.645  INFO 10032 --- [restartedMain] org.hibernate.dialect.Dialect            : HHH000400: Using dialect: org.hibernate.dialect.MySQL5Dialect
2021-03-01 00:06:18.997  INFO 10032 --- [restartedMain] o.h.e.t.j.p.i.JtaPlatformInitiator       : HHH000490: Using JtaPlatform implementation: [org.hibernate.engine.transaction.jta.platform.internal.NoJtaPlatform]
2021-03-01 00:06:19.011  INFO 10032 --- [restartedMain] j.LocalContainerEntityManagerFactoryBean : Initialized JPA EntityManagerFactory for persistence unit 'default'
2021-03-01 00:06:19.056  INFO 10032 --- [restartedMain] o.s.b.d.a.OptionalLiveReloadServer       : LiveReload server is running on port 35729
2021-03-01 00:06:19.229  INFO 10032 --- [restartedMain] o.s.s.concurrent.ThreadPoolTaskExecutor  : Initializing ExecutorService 'applicationTaskExecutor'
2021-03-01 00:06:19.450  INFO 10032 --- [restartedMain] .s.s.UserDetailsServiceAutoConfiguration : 

Using generated security password: 55b80da1-691f-4611-87b7-05205720c3d8

2021-03-01 00:06:19.596  INFO 10032 --- [restartedMain] o.s.s.web.DefaultSecurityFilterChain     : Will secure any request with [org.springframework.security.web.context.request.async.WebAsyncManagerIntegrationFilter@14495729, org.springframework.security.web.context.SecurityContextPersistenceFilter@3d934308, org.springframework.security.web.header.HeaderWriterFilter@26bbf062, org.springframework.security.web.csrf.CsrfFilter@66e68616, org.springframework.security.web.authentication.logout.LogoutFilter@199caf28, org.springframework.security.web.authentication.UsernamePasswordAuthenticationFilter@2dd334ad, org.springframework.security.web.authentication.ui.DefaultLoginPageGeneratingFilter@78ff1246, org.springframework.security.web.authentication.ui.DefaultLogoutPageGeneratingFilter@3ae753d6, org.springframework.security.web.authentication.www.BasicAuthenticationFilter@24a9c2b1, org.springframework.security.web.savedrequest.RequestCacheAwareFilter@24359eb4, org.springframework.security.web.servletapi.SecurityContextHolderAwareRequestFilter@a9674c7, org.springframework.security.web.authentication.AnonymousAuthenticationFilter@50b1a271, org.springframework.security.web.session.SessionManagementFilter@5dc554d6, org.springframework.security.web.access.ExceptionTranslationFilter@2c01e4b1, org.springframework.security.web.access.intercept.FilterSecurityInterceptor@5a1a51cc]
2021-03-01 00:06:19.705  INFO 10032 --- [restartedMain] o.s.b.w.embedded.tomcat.TomcatWebServer  : Tomcat started on port(s): 8081 (http) with context path '/SpringMVC'
2021-03-01 00:06:19.717  INFO 10032 --- [restartedMain] tn.Dari.spring.DariApplication           : Started DariApplication in 4.313 seconds (JVM running for 5.462)
2021-03-01 00:06:42.913  INFO 10032 --- [RMI TCP Connection(2)-127.0.0.1] inMXBeanRegistrar$SpringApplicationAdmin : Application shutdown requested.
2021-03-01 00:06:43.323  INFO 10032 --- [RMI TCP Connection(2)-127.0.0.1] o.s.s.concurrent.ThreadPoolTaskExecutor  : Shutting down ExecutorService 'applicationTaskExecutor'
2021-03-01 00:06:43.323  INFO 10032 --- [RMI TCP Connection(2)-127.0.0.1] j.LocalContainerEntityManagerFactoryBean : Closing JPA EntityManagerFactory for persistence unit 'default'
2021-03-01 00:06:43.328  INFO 10032 --- [RMI TCP Connection(2)-127.0.0.1] com.zaxxer.hikari.HikariDataSource       : HikariPool-1 - Shutdown initiated...
2021-03-01 00:06:43.336  INFO 10032 --- [RMI TCP Connection(2)-127.0.0.1] com.zaxxer.hikari.HikariDataSource       : HikariPool-1 - Shutdown completed.
